2024-04-05T09:20:53.238192-04:00	START
2024-04-05T09:20:54.999385-04:00	
{
    "status": false,
    "message": "a failure occured",
    "obj": {
        "status": false,
        "run": {
            "stdout": "",
            "stderr": "Error response from daemon: manifest for fnndsc/pl-fshack:1.5.0 not found: manifest unknown: manifest unknown\n",
            "cmd": "docker pull fnndsc/pl-fshack:1.5.0",
            "cwd": "/home/sandip/pl-fshack",
            "returncode": 1
        },
        "rep": {
            "error": "could not pull image"
        }
    }
}
2024-04-05T09:20:54.999471-04:00	END
2024-04-05T09:21:06.854043-04:00	START
2024-04-05T09:21:09.868566-04:00	
{
    "status": false,
    "message": "a failure occured",
    "obj": {
        "status": false,
        "run": {
            "stdout": "",
            "stderr": "python3: can't open file 'fshack': [Errno 2] No such file or directory\n",
            "cmd": "./cmd.sh",
            "cwd": "/home/sandip/pl-fshack",
            "returncode": 2
        },
        "rep": {
            "error": "could not pull image"
        }
    }
}
2024-04-05T09:21:09.868618-04:00	END
2024-04-05T09:21:50.102319-04:00	START
2024-04-05T09:21:55.799246-04:00	
{
    "status": true,
    "obj": {
        "run": {
            "status": true,
            "stdout": {
                "id": 58,
                "creation_date": "2024-04-05T09:21:55.433829-04:00",
                "name": "pl-fshack",
                "version": "1.5.0",
                "dock_image": "ghcr.io/fnndsc/pl-fshack:1.5.0",
                "public_repo": "https://github.com/FNNDSC/pl-fshack",
                "icon": "",
                "type": "ds",
                "stars": 0,
                "authors": "FNNDSC (dev@babyMRI.org)",
                "title": "A quick-n-dirty attempt at hacking a FreeSurfer ChRIS plugin",
                "category": "",
                "description": "This app houses a complete FreeSurfer distro and exposes some\n        FreeSurfer apps at the level of the plugin CLI.'",
                "documentation": "https://github.com/FNNDSC/pl-fshack",
                "license": "Opensource (MIT)",
                "execshell": "python3",
                "selfpath": "/usr/src/fshack",
                "selfexec": "fshack.py",
                "min_number_of_workers": 1,
                "max_number_of_workers": 1,
                "min_cpu_limit": 3000,
                "max_cpu_limit": 2147483647,
                "min_memory_limit": 16384,
                "max_memory_limit": 2147483647,
                "min_gpu_limit": 0,
                "max_gpu_limit": 0
            },
            "stderr": "",
            "returncode": 0
        }
    }
}
2024-04-05T09:21:55.799473-04:00	END
